

Microchip MPLAB XC8 Assembler V3.00 build 20241204225717 
                                                                                               Wed Aug 06 15:49:26 2025

Microchip MPLAB XC8 C Compiler v3.00 (Free license) build 20241204225717 Og1 
     1                           	processor	18F4580
     2                           	fnconf	rparam,??,?,0
     3                           	pagewidth 120
     4                           	opt	flic
     5                           	psect	idataCOMRAM,global,class=CODE,space=0,delta=1,noexec
     6                           	psect	cinit,global,reloc=2,class=CODE,space=0,delta=1
     7                           	psect	dataCOMRAM,global,class=COMRAM,space=1,delta=1,lowdata,noexec
     8                           	psect	cstackCOMRAM,global,class=COMRAM,space=1,delta=1,lowdata,noexec
     9                           	psect	text0,global,reloc=2,class=CODE,space=0,delta=1
    10                           	psect	text1,global,reloc=2,class=CODE,space=0,delta=1
    11                           	psect	text2,global,reloc=2,class=CODE,space=0,delta=1
    12                           	psect	text3,global,reloc=2,class=CODE,space=0,delta=1
    13                           	psect	smallconst,global,reloc=2,class=SMALLCONST,space=0,delta=1,noexec
    14                           	psect	intsave_regs,global,class=BIGRAM,space=1,delta=1,noexec
    15                           	psect	rparam,global,class=COMRAM,space=1,delta=1,noexec
    16   000000                     
    17                           ; Generated 17/01/2025 GMT
    18                           ; 
    19                           ; Copyright © 2025, Microchip Technology Inc. and its subsidiaries ("Microchip")
    20                           ; All rights reserved.
    21                           ; 
    22                           ; This software is developed by Microchip Technology Inc. and its subsidiaries ("Microch
      +                          ip").
    23                           ; 
    24                           ; Redistribution and use in source and binary forms, with or without modification, are
    25                           ; permitted provided that the following conditions are met:
    26                           ; 
    27                           ;     1. Redistributions of source code must retain the above copyright notice, this lis
      +                          t of
    28                           ;        conditions and the following disclaimer.
    29                           ; 
    30                           ;     2. Redistributions in binary form must reproduce the above copyright notice, this 
      +                          list
    31                           ;        of conditions and the following disclaimer in the documentation and/or other
    32                           ;        materials provided with the distribution. Publication is not required when
    33                           ;        this file is used in an embedded application.
    34                           ; 
    35                           ;     3. Microchip's name may not be used to endorse or promote products derived from th
      +                          is
    36                           ;        software without specific prior written permission.
    37                           ; 
    38                           ; THIS SOFTWARE IS PROVIDED BY MICROCHIP "AS IS" AND ANY EXPRESS OR IMPLIED WARRANTIES,
    39                           ; INCLUDING, BUT NOT LIMITED TO, THE IMPLIED WARRANTIES OF MERCHANTABILITY AND FITNESS F
      +                          OR
    40                           ; PURPOSE ARE DISCLAIMED.  IN NO EVENT SHALL MICROCHIP BE LIABLE FOR ANY DIRECT, INDIREC
      +                          T,
    41                           ; INCIDENTAL, SPECIAL, EXEMPLARY, OR CONSEQUENTIAL DAMAGES (INCLUDING BUT NOT LIMITED TO
    42                           ; PROCUREMENT OF SUBSTITUTE GOODS OR SERVICES; LOSS OF USE, DATA OR PROFITS; OR BUSINESS
    43                           ; INTERRUPTION) HOWSOEVER CAUSED AND ON ANY THEORY OF LIABILITY, WHETHER IN CONTRACT, ST
      +                          RICT
    44                           ; LIABILITY, OR TORT (INCLUDING NEGLIGENCE OR OTHERWISE) ARISING IN ANY WAY OUT OF THE U
      +                          SE OF
    45                           ; THIS SOFTWARE, EVEN IF ADVISED OF THE POSSIBILITY OF SUCH DAMAGE.
    46                           ; 
    47                           ; 
    48                           ; Code-generator required, PIC18F4580 Definitions
    49                           ; 
    50                           ; SFR Addresses
    51   000FE0                     bsr             equ	4064
    52   000FE9                     fsr0            equ	4073
    53   000FEA                     fsr0h           equ	4074
    54   000FE9                     fsr0l           equ	4073
    55   000FE1                     fsr1            equ	4065
    56   000FE2                     fsr1h           equ	4066
    57   000FE1                     fsr1l           equ	4065
    58   000FD9                     fsr2            equ	4057
    59   000FDA                     fsr2h           equ	4058
    60   000FD9                     fsr2l           equ	4057
    61   000FEF                     indf0           equ	4079
    62   000FE7                     indf1           equ	4071
    63   000FDF                     indf2           equ	4063
    64   000FF2                     intcon          equ	4082
    65   000000                     nvmcon          equ	0
    66   000FF9                     pcl             equ	4089
    67   000FFA                     pclath          equ	4090
    68   000FFB                     pclatu          equ	4091
    69   000FEB                     plusw0          equ	4075
    70   000FE3                     plusw1          equ	4067
    71   000FDB                     plusw2          equ	4059
    72   000FED                     postdec0        equ	4077
    73   000FE5                     postdec1        equ	4069
    74   000FDD                     postdec2        equ	4061
    75   000FEE                     postinc0        equ	4078
    76   000FE6                     postinc1        equ	4070
    77   000FDE                     postinc2        equ	4062
    78   000FEC                     preinc0         equ	4076
    79   000FE4                     preinc1         equ	4068
    80   000FDC                     preinc2         equ	4060
    81   000FF3                     prod            equ	4083
    82   000FF4                     prodh           equ	4084
    83   000FF3                     prodl           equ	4083
    84   000FD8                     status          equ	4056
    85   000FF5                     tablat          equ	4085
    86   000FF6                     tblptr          equ	4086
    87   000FF7                     tblptrh         equ	4087
    88   000FF6                     tblptrl         equ	4086
    89   000FF8                     tblptru         equ	4088
    90   000FFD                     tosl            equ	4093
    91   000FE8                     wreg            equ	4072
    92   000D60                     RXF6SIDH        equ	3424	;# 
    93   000D61                     RXF6SIDL        equ	3425	;# 
    94   000D62                     RXF6EIDH        equ	3426	;# 
    95   000D63                     RXF6EIDL        equ	3427	;# 
    96   000D64                     RXF7SIDH        equ	3428	;# 
    97   000D65                     RXF7SIDL        equ	3429	;# 
    98   000D66                     RXF7EIDH        equ	3430	;# 
    99   000D67                     RXF7EIDL        equ	3431	;# 
   100   000D68                     RXF8SIDH        equ	3432	;# 
   101   000D69                     RXF8SIDL        equ	3433	;# 
   102   000D6A                     RXF8EIDH        equ	3434	;# 
   103   000D6B                     RXF8EIDL        equ	3435	;# 
   104   000D70                     RXF9SIDH        equ	3440	;# 
   105   000D71                     RXF9SIDL        equ	3441	;# 
   106   000D72                     RXF9EIDH        equ	3442	;# 
   107   000D73                     RXF9EIDL        equ	3443	;# 
   108   000D74                     RXF10SIDH       equ	3444	;# 
   109   000D75                     RXF10SIDL       equ	3445	;# 
   110   000D76                     RXF10EIDH       equ	3446	;# 
   111   000D77                     RXF10EIDL       equ	3447	;# 
   112   000D78                     RXF11SIDH       equ	3448	;# 
   113   000D79                     RXF11SIDL       equ	3449	;# 
   114   000D7A                     RXF11EIDH       equ	3450	;# 
   115   000D7B                     RXF11EIDL       equ	3451	;# 
   116   000D80                     RXF12SIDH       equ	3456	;# 
   117   000D81                     RXF12SIDL       equ	3457	;# 
   118   000D82                     RXF12EIDH       equ	3458	;# 
   119   000D83                     RXF12EIDL       equ	3459	;# 
   120   000D84                     RXF13SIDH       equ	3460	;# 
   121   000D85                     RXF13SIDL       equ	3461	;# 
   122   000D86                     RXF13EIDH       equ	3462	;# 
   123   000D87                     RXF13EIDL       equ	3463	;# 
   124   000D88                     RXF14SIDH       equ	3464	;# 
   125   000D89                     RXF14SIDL       equ	3465	;# 
   126   000D8A                     RXF14EIDH       equ	3466	;# 
   127   000D8B                     RXF14EIDL       equ	3467	;# 
   128   000D90                     RXF15SIDH       equ	3472	;# 
   129   000D91                     RXF15SIDL       equ	3473	;# 
   130   000D92                     RXF15EIDH       equ	3474	;# 
   131   000D93                     RXF15EIDL       equ	3475	;# 
   132   000DD4                     RXFCON0         equ	3540	;# 
   133   000DD5                     RXFCON1         equ	3541	;# 
   134   000DD8                     SDFLC           equ	3544	;# 
   135   000DE0                     RXFBCON0        equ	3552	;# 
   136   000DE1                     RXFBCON1        equ	3553	;# 
   137   000DE2                     RXFBCON2        equ	3554	;# 
   138   000DE3                     RXFBCON3        equ	3555	;# 
   139   000DE4                     RXFBCON4        equ	3556	;# 
   140   000DE5                     RXFBCON5        equ	3557	;# 
   141   000DE6                     RXFBCON6        equ	3558	;# 
   142   000DE7                     RXFBCON7        equ	3559	;# 
   143   000DF0                     MSEL0           equ	3568	;# 
   144   000DF1                     MSEL1           equ	3569	;# 
   145   000DF2                     MSEL2           equ	3570	;# 
   146   000DF3                     MSEL3           equ	3571	;# 
   147   000DF8                     BSEL0           equ	3576	;# 
   148   000DFA                     BIE0            equ	3578	;# 
   149   000DFC                     TXBIE           equ	3580	;# 
   150   000E20                     B0CON           equ	3616	;# 
   151   000E21                     B0SIDH          equ	3617	;# 
   152   000E22                     B0SIDL          equ	3618	;# 
   153   000E23                     B0EIDH          equ	3619	;# 
   154   000E24                     B0EIDL          equ	3620	;# 
   155   000E25                     B0DLC           equ	3621	;# 
   156   000E26                     B0D0            equ	3622	;# 
   157   000E27                     B0D1            equ	3623	;# 
   158   000E28                     B0D2            equ	3624	;# 
   159   000E29                     B0D3            equ	3625	;# 
   160   000E2A                     B0D4            equ	3626	;# 
   161   000E2B                     B0D5            equ	3627	;# 
   162   000E2C                     B0D6            equ	3628	;# 
   163   000E2D                     B0D7            equ	3629	;# 
   164   000E2E                     CANSTAT_RO9     equ	3630	;# 
   165   000E2F                     CANCON_RO9      equ	3631	;# 
   166   000E30                     B1CON           equ	3632	;# 
   167   000E31                     B1SIDH          equ	3633	;# 
   168   000E32                     B1SIDL          equ	3634	;# 
   169   000E33                     B1EIDH          equ	3635	;# 
   170   000E34                     B1EIDL          equ	3636	;# 
   171   000E35                     B1DLC           equ	3637	;# 
   172   000E36                     B1D0            equ	3638	;# 
   173   000E37                     B1D1            equ	3639	;# 
   174   000E38                     B1D2            equ	3640	;# 
   175   000E39                     B1D3            equ	3641	;# 
   176   000E3A                     B1D4            equ	3642	;# 
   177   000E3B                     B1D5            equ	3643	;# 
   178   000E3C                     B1D6            equ	3644	;# 
   179   000E3D                     B1D7            equ	3645	;# 
   180   000E3E                     CANSTAT_RO8     equ	3646	;# 
   181   000E3F                     CANCON_RO8      equ	3647	;# 
   182   000E40                     B2CON           equ	3648	;# 
   183   000E41                     B2SIDH          equ	3649	;# 
   184   000E42                     B2SIDL          equ	3650	;# 
   185   000E43                     B2EIDH          equ	3651	;# 
   186   000E44                     B2EIDL          equ	3652	;# 
   187   000E45                     B2DLC           equ	3653	;# 
   188   000E46                     B2D0            equ	3654	;# 
   189   000E47                     B2D1            equ	3655	;# 
   190   000E48                     B2D2            equ	3656	;# 
   191   000E49                     B2D3            equ	3657	;# 
   192   000E4A                     B2D4            equ	3658	;# 
   193   000E4B                     B2D5            equ	3659	;# 
   194   000E4C                     B2D6            equ	3660	;# 
   195   000E4D                     B2D7            equ	3661	;# 
   196   000E4E                     CANSTAT_RO7     equ	3662	;# 
   197   000E4F                     CANCON_RO7      equ	3663	;# 
   198   000E50                     B3CON           equ	3664	;# 
   199   000E51                     B3SIDH          equ	3665	;# 
   200   000E52                     B3SIDL          equ	3666	;# 
   201   000E53                     B3EIDH          equ	3667	;# 
   202   000E54                     B3EIDL          equ	3668	;# 
   203   000E55                     B3DLC           equ	3669	;# 
   204   000E56                     B3D0            equ	3670	;# 
   205   000E57                     B3D1            equ	3671	;# 
   206   000E58                     B3D2            equ	3672	;# 
   207   000E59                     B3D3            equ	3673	;# 
   208   000E5A                     B3D4            equ	3674	;# 
   209   000E5B                     B3D5            equ	3675	;# 
   210   000E5C                     B3D6            equ	3676	;# 
   211   000E5D                     B3D7            equ	3677	;# 
   212   000E5E                     CANSTAT_RO6     equ	3678	;# 
   213   000E5F                     CANCON_RO6      equ	3679	;# 
   214   000E60                     B4CON           equ	3680	;# 
   215   000E61                     B4SIDH          equ	3681	;# 
   216   000E62                     B4SIDL          equ	3682	;# 
   217   000E63                     B4EIDH          equ	3683	;# 
   218   000E64                     B4EIDL          equ	3684	;# 
   219   000E65                     B4DLC           equ	3685	;# 
   220   000E66                     B4D0            equ	3686	;# 
   221   000E67                     B4D1            equ	3687	;# 
   222   000E68                     B4D2            equ	3688	;# 
   223   000E69                     B4D3            equ	3689	;# 
   224   000E6A                     B4D4            equ	3690	;# 
   225   000E6B                     B4D5            equ	3691	;# 
   226   000E6C                     B4D6            equ	3692	;# 
   227   000E6D                     B4D7            equ	3693	;# 
   228   000E6E                     CANSTAT_RO5     equ	3694	;# 
   229   000E6F                     CANCON_RO5      equ	3695	;# 
   230   000E70                     B5CON           equ	3696	;# 
   231   000E71                     B5SIDH          equ	3697	;# 
   232   000E72                     B5SIDL          equ	3698	;# 
   233   000E73                     B5EIDH          equ	3699	;# 
   234   000E74                     B5EIDL          equ	3700	;# 
   235   000E75                     B5DLC           equ	3701	;# 
   236   000E76                     B5D0            equ	3702	;# 
   237   000E77                     B5D1            equ	3703	;# 
   238   000E78                     B5D2            equ	3704	;# 
   239   000E79                     B5D3            equ	3705	;# 
   240   000E7A                     B5D4            equ	3706	;# 
   241   000E7B                     B5D5            equ	3707	;# 
   242   000E7C                     B5D6            equ	3708	;# 
   243   000E7D                     B5D7            equ	3709	;# 
   244   000E7E                     CANSTAT_RO4     equ	3710	;# 
   245   000E7F                     CANCON_RO4      equ	3711	;# 
   246   000F00                     RXF0SIDH        equ	3840	;# 
   247   000F01                     RXF0SIDL        equ	3841	;# 
   248   000F02                     RXF0EIDH        equ	3842	;# 
   249   000F03                     RXF0EIDL        equ	3843	;# 
   250   000F04                     RXF1SIDH        equ	3844	;# 
   251   000F05                     RXF1SIDL        equ	3845	;# 
   252   000F06                     RXF1EIDH        equ	3846	;# 
   253   000F07                     RXF1EIDL        equ	3847	;# 
   254   000F08                     RXF2SIDH        equ	3848	;# 
   255   000F09                     RXF2SIDL        equ	3849	;# 
   256   000F0A                     RXF2EIDH        equ	3850	;# 
   257   000F0B                     RXF2EIDL        equ	3851	;# 
   258   000F0C                     RXF3SIDH        equ	3852	;# 
   259   000F0D                     RXF3SIDL        equ	3853	;# 
   260   000F0E                     RXF3EIDH        equ	3854	;# 
   261   000F0F                     RXF3EIDL        equ	3855	;# 
   262   000F10                     RXF4SIDH        equ	3856	;# 
   263   000F11                     RXF4SIDL        equ	3857	;# 
   264   000F12                     RXF4EIDH        equ	3858	;# 
   265   000F13                     RXF4EIDL        equ	3859	;# 
   266   000F14                     RXF5SIDH        equ	3860	;# 
   267   000F15                     RXF5SIDL        equ	3861	;# 
   268   000F16                     RXF5EIDH        equ	3862	;# 
   269   000F17                     RXF5EIDL        equ	3863	;# 
   270   000F18                     RXM0SIDH        equ	3864	;# 
   271   000F19                     RXM0SIDL        equ	3865	;# 
   272   000F1A                     RXM0EIDH        equ	3866	;# 
   273   000F1B                     RXM0EIDL        equ	3867	;# 
   274   000F1C                     RXM1SIDH        equ	3868	;# 
   275   000F1D                     RXM1SIDL        equ	3869	;# 
   276   000F1E                     RXM1EIDH        equ	3870	;# 
   277   000F1F                     RXM1EIDL        equ	3871	;# 
   278   000F20                     TXB2CON         equ	3872	;# 
   279   000F21                     TXB2SIDH        equ	3873	;# 
   280   000F22                     TXB2SIDL        equ	3874	;# 
   281   000F23                     TXB2EIDH        equ	3875	;# 
   282   000F24                     TXB2EIDL        equ	3876	;# 
   283   000F25                     TXB2DLC         equ	3877	;# 
   284   000F26                     TXB2D0          equ	3878	;# 
   285   000F27                     TXB2D1          equ	3879	;# 
   286   000F28                     TXB2D2          equ	3880	;# 
   287   000F29                     TXB2D3          equ	3881	;# 
   288   000F2A                     TXB2D4          equ	3882	;# 
   289   000F2B                     TXB2D5          equ	3883	;# 
   290   000F2C                     TXB2D6          equ	3884	;# 
   291   000F2D                     TXB2D7          equ	3885	;# 
   292   000F2E                     CANSTAT_RO3     equ	3886	;# 
   293   000F2F                     CANCON_RO3      equ	3887	;# 
   294   000F30                     TXB1CON         equ	3888	;# 
   295   000F31                     TXB1SIDH        equ	3889	;# 
   296   000F32                     TXB1SIDL        equ	3890	;# 
   297   000F33                     TXB1EIDH        equ	3891	;# 
   298   000F34                     TXB1EIDL        equ	3892	;# 
   299   000F35                     TXB1DLC         equ	3893	;# 
   300   000F36                     TXB1D0          equ	3894	;# 
   301   000F37                     TXB1D1          equ	3895	;# 
   302   000F38                     TXB1D2          equ	3896	;# 
   303   000F39                     TXB1D3          equ	3897	;# 
   304   000F3A                     TXB1D4          equ	3898	;# 
   305   000F3B                     TXB1D5          equ	3899	;# 
   306   000F3C                     TXB1D6          equ	3900	;# 
   307   000F3D                     TXB1D7          equ	3901	;# 
   308   000F3E                     CANSTAT_RO2     equ	3902	;# 
   309   000F3F                     CANCON_RO2      equ	3903	;# 
   310   000F40                     TXB0CON         equ	3904	;# 
   311   000F41                     TXB0SIDH        equ	3905	;# 
   312   000F42                     TXB0SIDL        equ	3906	;# 
   313   000F43                     TXB0EIDH        equ	3907	;# 
   314   000F44                     TXB0EIDL        equ	3908	;# 
   315   000F45                     TXB0DLC         equ	3909	;# 
   316   000F46                     TXB0D0          equ	3910	;# 
   317   000F47                     TXB0D1          equ	3911	;# 
   318   000F48                     TXB0D2          equ	3912	;# 
   319   000F49                     TXB0D3          equ	3913	;# 
   320   000F4A                     TXB0D4          equ	3914	;# 
   321   000F4B                     TXB0D5          equ	3915	;# 
   322   000F4C                     TXB0D6          equ	3916	;# 
   323   000F4D                     TXB0D7          equ	3917	;# 
   324   000F4E                     CANSTAT_RO1     equ	3918	;# 
   325   000F4F                     CANCON_RO1      equ	3919	;# 
   326   000F50                     RXB1CON         equ	3920	;# 
   327   000F51                     RXB1SIDH        equ	3921	;# 
   328   000F52                     RXB1SIDL        equ	3922	;# 
   329   000F53                     RXB1EIDH        equ	3923	;# 
   330   000F54                     RXB1EIDL        equ	3924	;# 
   331   000F55                     RXB1DLC         equ	3925	;# 
   332   000F56                     RXB1D0          equ	3926	;# 
   333   000F57                     RXB1D1          equ	3927	;# 
   334   000F58                     RXB1D2          equ	3928	;# 
   335   000F59                     RXB1D3          equ	3929	;# 
   336   000F5A                     RXB1D4          equ	3930	;# 
   337   000F5B                     RXB1D5          equ	3931	;# 
   338   000F5C                     RXB1D6          equ	3932	;# 
   339   000F5D                     RXB1D7          equ	3933	;# 
   340   000F5E                     CANSTAT_RO0     equ	3934	;# 
   341   000F5F                     CANCON_RO0      equ	3935	;# 
   342   000F60                     RXB0CON         equ	3936	;# 
   343   000F61                     RXB0SIDH        equ	3937	;# 
   344   000F62                     RXB0SIDL        equ	3938	;# 
   345   000F63                     RXB0EIDH        equ	3939	;# 
   346   000F64                     RXB0EIDL        equ	3940	;# 
   347   000F65                     RXB0DLC         equ	3941	;# 
   348   000F66                     RXB0D0          equ	3942	;# 
   349   000F67                     RXB0D1          equ	3943	;# 
   350   000F68                     RXB0D2          equ	3944	;# 
   351   000F69                     RXB0D3          equ	3945	;# 
   352   000F6A                     RXB0D4          equ	3946	;# 
   353   000F6B                     RXB0D5          equ	3947	;# 
   354   000F6C                     RXB0D6          equ	3948	;# 
   355   000F6D                     RXB0D7          equ	3949	;# 
   356   000F6E                     CANSTAT         equ	3950	;# 
   357   000F6F                     CANCON          equ	3951	;# 
   358   000F70                     BRGCON1         equ	3952	;# 
   359   000F71                     BRGCON2         equ	3953	;# 
   360   000F72                     BRGCON3         equ	3954	;# 
   361   000F73                     CIOCON          equ	3955	;# 
   362   000F74                     COMSTAT         equ	3956	;# 
   363   000F75                     RXERRCNT        equ	3957	;# 
   364   000F76                     TXERRCNT        equ	3958	;# 
   365   000F77                     ECANCON         equ	3959	;# 
   366   000F80                     PORTA           equ	3968	;# 
   367   000F81                     PORTB           equ	3969	;# 
   368   000F82                     PORTC           equ	3970	;# 
   369   000F83                     PORTD           equ	3971	;# 
   370   000F84                     PORTE           equ	3972	;# 
   371   000F89                     LATA            equ	3977	;# 
   372   000F8A                     LATB            equ	3978	;# 
   373   000F8B                     LATC            equ	3979	;# 
   374   000F8C                     LATD            equ	3980	;# 
   375   000F8D                     LATE            equ	3981	;# 
   376   000F92                     TRISA           equ	3986	;# 
   377   000F92                     DDRA            equ	3986	;# 
   378   000F93                     TRISB           equ	3987	;# 
   379   000F93                     DDRB            equ	3987	;# 
   380   000F94                     TRISC           equ	3988	;# 
   381   000F94                     DDRC            equ	3988	;# 
   382   000F95                     TRISD           equ	3989	;# 
   383   000F95                     DDRD            equ	3989	;# 
   384   000F96                     TRISE           equ	3990	;# 
   385   000F96                     DDRE            equ	3990	;# 
   386   000F9B                     OSCTUNE         equ	3995	;# 
   387   000F9D                     PIE1            equ	3997	;# 
   388   000F9E                     PIR1            equ	3998	;# 
   389   000F9F                     IPR1            equ	3999	;# 
   390   000FA0                     PIE2            equ	4000	;# 
   391   000FA1                     PIR2            equ	4001	;# 
   392   000FA2                     IPR2            equ	4002	;# 
   393   000FA3                     PIE3            equ	4003	;# 
   394   000FA4                     PIR3            equ	4004	;# 
   395   000FA5                     IPR3            equ	4005	;# 
   396   000FA6                     EECON1          equ	4006	;# 
   397   000FA7                     EECON2          equ	4007	;# 
   398   000FA8                     EEDATA          equ	4008	;# 
   399   000FA9                     EEADR           equ	4009	;# 
   400   000FAB                     RCSTA           equ	4011	;# 
   401   000FAB                     RCSTA1          equ	4011	;# 
   402   000FAC                     TXSTA           equ	4012	;# 
   403   000FAC                     TXSTA1          equ	4012	;# 
   404   000FAD                     TXREG           equ	4013	;# 
   405   000FAD                     TXREG1          equ	4013	;# 
   406   000FAE                     RCREG           equ	4014	;# 
   407   000FAE                     RCREG1          equ	4014	;# 
   408   000FAF                     SPBRG           equ	4015	;# 
   409   000FAF                     SPBRG1          equ	4015	;# 
   410   000FB0                     SPBRGH          equ	4016	;# 
   411   000FB1                     T3CON           equ	4017	;# 
   412   000FB2                     TMR3            equ	4018	;# 
   413   000FB2                     TMR3L           equ	4018	;# 
   414   000FB3                     TMR3H           equ	4019	;# 
   415   000FB4                     CMCON           equ	4020	;# 
   416   000FB5                     CVRCON          equ	4021	;# 
   417   000FB6                     ECCP1AS         equ	4022	;# 
   418   000FB7                     ECCP1DEL        equ	4023	;# 
   419   000FB8                     BAUDCON         equ	4024	;# 
   420   000FB8                     BAUDCTL         equ	4024	;# 
   421   000FBA                     ECCP1CON        equ	4026	;# 
   422   000FBB                     ECCPR1          equ	4027	;# 
   423   000FBB                     ECCPR1L         equ	4027	;# 
   424   000FBC                     ECCPR1H         equ	4028	;# 
   425   000FBD                     CCP1CON         equ	4029	;# 
   426   000FBE                     CCPR1           equ	4030	;# 
   427   000FBE                     CCPR1L          equ	4030	;# 
   428   000FBF                     CCPR1H          equ	4031	;# 
   429   000FC0                     ADCON2          equ	4032	;# 
   430   000FC1                     ADCON1          equ	4033	;# 
   431   000FC2                     ADCON0          equ	4034	;# 
   432   000FC3                     ADRES           equ	4035	;# 
   433   000FC3                     ADRESL          equ	4035	;# 
   434   000FC4                     ADRESH          equ	4036	;# 
   435   000FC5                     SSPCON2         equ	4037	;# 
   436   000FC6                     SSPCON1         equ	4038	;# 
   437   000FC7                     SSPSTAT         equ	4039	;# 
   438   000FC8                     SSPADD          equ	4040	;# 
   439   000FC9                     SSPBUF          equ	4041	;# 
   440   000FCA                     T2CON           equ	4042	;# 
   441   000FCB                     PR2             equ	4043	;# 
   442   000FCB                     MEMCON          equ	4043	;# 
   443   000FCC                     TMR2            equ	4044	;# 
   444   000FCD                     T1CON           equ	4045	;# 
   445   000FCE                     TMR1            equ	4046	;# 
   446   000FCE                     TMR1L           equ	4046	;# 
   447   000FCF                     TMR1H           equ	4047	;# 
   448   000FD0                     RCON            equ	4048	;# 
   449   000FD1                     WDTCON          equ	4049	;# 
   450   000FD2                     HLVDCON         equ	4050	;# 
   451   000FD2                     LVDCON          equ	4050	;# 
   452   000FD3                     OSCCON          equ	4051	;# 
   453   000FD5                     T0CON           equ	4053	;# 
   454   000FD6                     TMR0            equ	4054	;# 
   455   000FD6                     TMR0L           equ	4054	;# 
   456   000FD7                     TMR0H           equ	4055	;# 
   457   000FD8                     STATUS          equ	4056	;# 
   458   000FD9                     FSR2            equ	4057	;# 
   459   000FD9                     FSR2L           equ	4057	;# 
   460   000FDA                     FSR2H           equ	4058	;# 
   461   000FDB                     PLUSW2          equ	4059	;# 
   462   000FDC                     PREINC2         equ	4060	;# 
   463   000FDD                     POSTDEC2        equ	4061	;# 
   464   000FDE                     POSTINC2        equ	4062	;# 
   465   000FDF                     INDF2           equ	4063	;# 
   466   000FE0                     BSR             equ	4064	;# 
   467   000FE1                     FSR1            equ	4065	;# 
   468   000FE1                     FSR1L           equ	4065	;# 
   469   000FE2                     FSR1H           equ	4066	;# 
   470   000FE3                     PLUSW1          equ	4067	;# 
   471   000FE4                     PREINC1         equ	4068	;# 
   472   000FE5                     POSTDEC1        equ	4069	;# 
   473   000FE6                     POSTINC1        equ	4070	;# 
   474   000FE7                     INDF1           equ	4071	;# 
   475   000FE8                     WREG            equ	4072	;# 
   476   000FE9                     FSR0            equ	4073	;# 
   477   000FE9                     FSR0L           equ	4073	;# 
   478   000FEA                     FSR0H           equ	4074	;# 
   479   000FEB                     PLUSW0          equ	4075	;# 
   480   000FEC                     PREINC0         equ	4076	;# 
   481   000FED                     POSTDEC0        equ	4077	;# 
   482   000FEE                     POSTINC0        equ	4078	;# 
   483   000FEF                     INDF0           equ	4079	;# 
   484   000FF0                     INTCON3         equ	4080	;# 
   485   000FF1                     INTCON2         equ	4081	;# 
   486   000FF2                     INTCON          equ	4082	;# 
   487   000FF3                     PROD            equ	4083	;# 
   488   000FF3                     PRODL           equ	4083	;# 
   489   000FF4                     PRODH           equ	4084	;# 
   490   000FF5                     TABLAT          equ	4085	;# 
   491   000FF6                     TBLPTR          equ	4086	;# 
   492   000FF6                     TBLPTRL         equ	4086	;# 
   493   000FF7                     TBLPTRH         equ	4087	;# 
   494   000FF8                     TBLPTRU         equ	4088	;# 
   495   000FF9                     PCLAT           equ	4089	;# 
   496   000FF9                     PC              equ	4089	;# 
   497   000FF9                     PCL             equ	4089	;# 
   498   000FFA                     PCLATH          equ	4090	;# 
   499   000FFB                     PCLATU          equ	4091	;# 
   500   000FFC                     STKPTR          equ	4092	;# 
   501   000FFD                     TOS             equ	4093	;# 
   502   000FFD                     TOSL            equ	4093	;# 
   503   000FFE                     TOSH            equ	4094	;# 
   504   000FFF                     TOSU            equ	4095	;# 
   505                           
   506                           	psect	idataCOMRAM
   507   0006EA                     __pidataCOMRAM:
   508                           	callstack 0
   509                           
   510                           ;initializer for _cathode_hex
   511   0006EA  3F                 	db	63
   512   0006EB  06                 	db	6
   513   0006EC  5B                 	db	91
   514   0006ED  4F                 	db	79
   515   0006EE  66                 	db	102
   516   0006EF  6D                 	db	109
   517   0006F0  7D                 	db	125
   518   0006F1  07                 	db	7
   519   0006F2  7F                 	db	127
   520   0006F3  6F                 	db	111
   521   000F95                     _TRISDbits      set	3989
   522   000F9E                     _PIR1bits       set	3998
   523   000F8C                     _LATDbits       set	3980
   524   000FC9                     _SSPBUF         set	4041
   525   000F89                     _LATAbits       set	3977
   526   000FC7                     _SSPSTATbits    set	4039
   527   000FC6                     _SSPCON1        set	4038
   528   000F92                     _TRISAbits      set	3986
   529   000F94                     _TRISCbits      set	3988
   530                           
   531                           ; #config settings
   532                           
   533                           	psect	cinit
   534   000698                     __pcinit:
   535                           	callstack 0
   536   000698                     start_initialization:
   537                           	callstack 0
   538   000698                     __initialization:
   539                           	callstack 0
   540                           
   541                           ; Initialize objects allocated to COMRAM (10 bytes)
   542                           ; load TBLPTR registers with __pidataCOMRAM
   543   000698  0EEA               	movlw	low __pidataCOMRAM
   544   00069A  6EF6               	movwf	tblptrl,c
   545   00069C  0E06               	movlw	high __pidataCOMRAM
   546   00069E  6EF7               	movwf	tblptrh,c
   547   0006A0  0E00               	movlw	low (__pidataCOMRAM shr (0+16))
   548   0006A2  6EF8               	movwf	tblptru,c
   549   0006A4  EE00  F001         	lfsr	0,__pdataCOMRAM
   550   0006A8  EE10 F00A          	lfsr	1,10
   551   0006AC                     copy_data0:
   552   0006AC  0009               	tblrd		*+
   553   0006AE  CFF5 FFEE          	movff	tablat,postinc0
   554   0006B2  50E5               	movf	postdec1,w,c
   555   0006B4  50E1               	movf	fsr1l,w,c
   556   0006B6  E1FA               	bnz	copy_data0
   557   0006B8                     end_of_initialization:
   558                           	callstack 0
   559   0006B8                     __end_of__initialization:
   560                           	callstack 0
   561   0006B8  0100               	movlb	0
   562   0006BA  EF01  F003         	goto	_main	;jump to C main() function
   563                           
   564                           	psect	dataCOMRAM
   565   000001                     __pdataCOMRAM:
   566                           	callstack 0
   567   000001                     _cathode_hex:
   568                           	callstack 0
   569   000001                     	ds	10
   570                           
   571                           	psect	cstackCOMRAM
   572   00000B                     __pcstackCOMRAM:
   573                           	callstack 0
   574   00000B                     spi_ack@data:
   575                           	callstack 0
   576   00000B                     spi_write@data:
   577                           	callstack 0
   578   00000B                     
   579                           ; 1 bytes @ 0x0
   580   00000B                     	ds	1
   581   00000C                     spi_ack@ack:
   582                           	callstack 0
   583                           
   584                           ; 1 bytes @ 0x1
   585   00000C                     	ds	1
   586   00000D                     ??_main:
   587                           
   588                           ; 1 bytes @ 0x2
   589   00000D                     	ds	2
   590   00000F                     main@i:
   591                           	callstack 0
   592                           
   593                           ; 1 bytes @ 0x4
   594   00000F                     	ds	1
   595                           
   596 ;;
   597 ;;Main: autosize = 0, tempsize = 2, incstack = 0, save=0
   598 ;;
   599 ;; *************** function _main *****************
   600 ;; Defined at:
   601 ;;		line 41 in file "main.c"
   602 ;; Parameters:    Size  Location     Type
   603 ;;		None
   604 ;; Auto vars:     Size  Location     Type
   605 ;;  i               1    4[COMRAM] unsigned char 
   606 ;; Return value:  Size  Location     Type
   607 ;;                  1    wreg      void 
   608 ;; Registers used:
   609 ;;		wreg, fsr2l, fsr2h, status,2, status,0, cstack
   610 ;; Tracked objects:
   611 ;;		On entry : 0/0
   612 ;;		On exit  : 0/0
   613 ;;		Unchanged: 0/0
   614 ;; Data sizes:     COMRAM   BANK0   BANK1   BANK2   BANK3   BANK4   BANK5
   615 ;;      Params:         0       0       0       0       0       0       0
   616 ;;      Locals:         1       0       0       0       0       0       0
   617 ;;      Temps:          2       0       0       0       0       0       0
   618 ;;      Totals:         3       0       0       0       0       0       0
   619 ;;Total ram usage:        3 bytes
   620 ;; Hardware stack levels required when called: 1
   621 ;; This function calls:
   622 ;;		_spi_ack
   623 ;;		_spi_init
   624 ;;		_spi_write
   625 ;; This function is called by:
   626 ;;		Startup code after reset
   627 ;; This function uses a non-reentrant model
   628 ;;
   629                           
   630                           	psect	text0
   631   000602                     __ptext0:
   632                           	callstack 0
   633   000602                     _main:
   634                           	callstack 30
   635   000602                     
   636                           ;main.c: 43:     TRISDbits.RD0 = 0;
   637   000602  9095               	bcf	149,0,c	;volatile
   638   000604                     
   639                           ;main.c: 44:     spi_init();
   640   000604  EC6B  F003         	call	_spi_init	;wreg free
   641   000608                     l748:
   642                           
   643                           ;main.c: 47:         LATAbits.LATA5 = 0;
   644   000608  9A89               	bcf	137,5,c	;volatile
   645   00060A                     
   646                           ;main.c: 48:         spi_ack(0xAA);
   647   00060A  0EAA               	movlw	170
   648   00060C  EC35  F003         	call	_spi_ack
   649   000610                     
   650                           ;main.c: 50:         for(i=0; i<10; i++){
   651   000610  6A0F               	clrf	main@i^0,c
   652   000612                     l758:
   653                           
   654                           ;main.c: 51:             spi_write(cathode_hex[i]);
   655   000612  500F               	movf	main@i^0,w,c
   656   000614  0F01               	addlw	low _cathode_hex
   657   000616  6ED9               	movwf	fsr2l,c
   658   000618  6ADA               	clrf	fsr2h,c
   659   00061A  50DF               	movf	indf2,w,c
   660   00061C  EC5F  F003         	call	_spi_write
   661   000620                     
   662                           ;main.c: 52:             _delay((unsigned long)((1000)*(4000000/4000.0)));
   663   000620  0E06               	movlw	6
   664   000622  6E0E               	movwf	(??_main+1)^0,c
   665   000624  0E13               	movlw	19
   666   000626  6E0D               	movwf	??_main^0,c
   667   000628  0EAE               	movlw	174
   668   00062A                     u57:
   669   00062A  2EE8               	decfsz	wreg,f,c
   670   00062C  D7FE               	bra	u57
   671   00062E  2E0D               	decfsz	??_main^0,f,c
   672   000630  D7FC               	bra	u57
   673   000632  2E0E               	decfsz	(??_main+1)^0,f,c
   674   000634  D7FA               	bra	u57
   675   000636                     
   676                           ;main.c: 53:         }
   677   000636  2A0F               	incf	main@i^0,f,c
   678   000638  0E09               	movlw	9
   679   00063A  640F               	cpfsgt	main@i^0,c
   680   00063C  EF22  F003         	goto	u41
   681   000640  EF24  F003         	goto	u40
   682   000644                     u41:
   683   000644  EF09  F003         	goto	l758
   684   000648                     u40:
   685   000648                     
   686                           ;main.c: 54:         LATDbits.LATD0 = 0;
   687   000648  908C               	bcf	140,0,c	;volatile
   688                           
   689                           ;main.c: 55:         LATAbits.LATA5 = 1;
   690   00064A  8A89               	bsf	137,5,c	;volatile
   691   00064C                     
   692                           ;main.c: 56:         _delay((unsigned long)((2000)*(4000000/4000.0)));
   693   00064C  0E0B               	movlw	11
   694   00064E  6E0E               	movwf	(??_main+1)^0,c
   695   000650  0E26               	movlw	38
   696   000652  6E0D               	movwf	??_main^0,c
   697   000654  0E5E               	movlw	94
   698   000656                     u67:
   699   000656  2EE8               	decfsz	wreg,f,c
   700   000658  D7FE               	bra	u67
   701   00065A  2E0D               	decfsz	??_main^0,f,c
   702   00065C  D7FC               	bra	u67
   703   00065E  2E0E               	decfsz	(??_main+1)^0,f,c
   704   000660  D7FA               	bra	u67
   705   000662  EF04  F003         	goto	l748
   706   000666  EFFE  F03F         	goto	start
   707   00066A                     __end_of_main:
   708                           	callstack 0
   709                           
   710 ;; *************** function _spi_write *****************
   711 ;; Defined at:
   712 ;;		line 36 in file "main.c"
   713 ;; Parameters:    Size  Location     Type
   714 ;;  data            1    wreg     unsigned char 
   715 ;; Auto vars:     Size  Location     Type
   716 ;;  data            1    0[COMRAM] unsigned char 
   717 ;; Return value:  Size  Location     Type
   718 ;;                  1    wreg      void 
   719 ;; Registers used:
   720 ;;		wreg
   721 ;; Tracked objects:
   722 ;;		On entry : 0/0
   723 ;;		On exit  : 0/0
   724 ;;		Unchanged: 0/0
   725 ;; Data sizes:     COMRAM   BANK0   BANK1   BANK2   BANK3   BANK4   BANK5
   726 ;;      Params:         0       0       0       0       0       0       0
   727 ;;      Locals:         1       0       0       0       0       0       0
   728 ;;      Temps:          0       0       0       0       0       0       0
   729 ;;      Totals:         1       0       0       0       0       0       0
   730 ;;Total ram usage:        1 bytes
   731 ;; Hardware stack levels used: 1
   732 ;; This function calls:
   733 ;;		Nothing
   734 ;; This function is called by:
   735 ;;		_main
   736 ;; This function uses a non-reentrant model
   737 ;;
   738                           
   739                           	psect	text1
   740   0006BE                     __ptext1:
   741                           	callstack 0
   742   0006BE                     _spi_write:
   743                           	callstack 30
   744                           
   745                           ;incstack = 0
   746                           ;spi_write@data stored from wreg
   747   0006BE  6E0B               	movwf	spi_write@data^0,c
   748   0006C0                     
   749                           ;main.c: 37:     SSPBUF = data;
   750   0006C0  C00B  FFC9         	movff	spi_write@data,4041	;volatile
   751   0006C4                     l35:
   752   0006C4  A69E               	btfss	158,3,c	;volatile
   753   0006C6  EF67  F003         	goto	u31
   754   0006CA  EF69  F003         	goto	u30
   755   0006CE                     u31:
   756   0006CE  EF62  F003         	goto	l35
   757   0006D2                     u30:
   758   0006D2                     
   759                           ;main.c: 39:     PIR1bits.SSPIF = 0;
   760   0006D2  969E               	bcf	158,3,c	;volatile
   761   0006D4  0012               	return		;funcret
   762   0006D6                     __end_of_spi_write:
   763                           	callstack 0
   764                           
   765 ;; *************** function _spi_init *****************
   766 ;; Defined at:
   767 ;;		line 16 in file "main.c"
   768 ;; Parameters:    Size  Location     Type
   769 ;;		None
   770 ;; Auto vars:     Size  Location     Type
   771 ;;		None
   772 ;; Return value:  Size  Location     Type
   773 ;;                  1    wreg      void 
   774 ;; Registers used:
   775 ;;		wreg, status,2
   776 ;; Tracked objects:
   777 ;;		On entry : 0/0
   778 ;;		On exit  : 0/0
   779 ;;		Unchanged: 0/0
   780 ;; Data sizes:     COMRAM   BANK0   BANK1   BANK2   BANK3   BANK4   BANK5
   781 ;;      Params:         0       0       0       0       0       0       0
   782 ;;      Locals:         0       0       0       0       0       0       0
   783 ;;      Temps:          0       0       0       0       0       0       0
   784 ;;      Totals:         0       0       0       0       0       0       0
   785 ;;Total ram usage:        0 bytes
   786 ;; Hardware stack levels used: 1
   787 ;; This function calls:
   788 ;;		Nothing
   789 ;; This function is called by:
   790 ;;		_main
   791 ;; This function uses a non-reentrant model
   792 ;;
   793                           
   794                           	psect	text2
   795   0006D6                     __ptext2:
   796                           	callstack 0
   797   0006D6                     _spi_init:
   798                           	callstack 30
   799   0006D6                     
   800                           ;main.c: 17:     TRISCbits.RC3 = 0;
   801   0006D6  9694               	bcf	148,3,c	;volatile
   802                           
   803                           ;main.c: 18:     TRISCbits.RC4 = 1;
   804   0006D8  8894               	bsf	148,4,c	;volatile
   805                           
   806                           ;main.c: 19:     TRISCbits.RC5 = 0;
   807   0006DA  9A94               	bcf	148,5,c	;volatile
   808                           
   809                           ;main.c: 20:     TRISAbits.RA5 = 0;
   810   0006DC  9A92               	bcf	146,5,c	;volatile
   811   0006DE                     
   812                           ;main.c: 22:     SSPCON1 = 0x20;
   813   0006DE  0E20               	movlw	32
   814   0006E0  6EC6               	movwf	198,c	;volatile
   815   0006E2                     
   816                           ;main.c: 23:     SSPSTATbits.SMP = 0;
   817   0006E2  9EC7               	bcf	199,7,c	;volatile
   818   0006E4                     
   819                           ;main.c: 24:     SSPSTATbits.CKE = 1;
   820   0006E4  8CC7               	bsf	199,6,c	;volatile
   821   0006E6                     
   822                           ;main.c: 25:     LATAbits.LATA5 = 1;
   823   0006E6  8A89               	bsf	137,5,c	;volatile
   824   0006E8  0012               	return		;funcret
   825   0006EA                     __end_of_spi_init:
   826                           	callstack 0
   827                           
   828 ;; *************** function _spi_ack *****************
   829 ;; Defined at:
   830 ;;		line 28 in file "main.c"
   831 ;; Parameters:    Size  Location     Type
   832 ;;  data            1    wreg     unsigned char 
   833 ;; Auto vars:     Size  Location     Type
   834 ;;  data            1    0[COMRAM] unsigned char 
   835 ;;  ack             1    1[COMRAM] unsigned char 
   836 ;; Return value:  Size  Location     Type
   837 ;;                  1    wreg      void 
   838 ;; Registers used:
   839 ;;		wreg, status,2, status,0
   840 ;; Tracked objects:
   841 ;;		On entry : 0/0
   842 ;;		On exit  : 0/0
   843 ;;		Unchanged: 0/0
   844 ;; Data sizes:     COMRAM   BANK0   BANK1   BANK2   BANK3   BANK4   BANK5
   845 ;;      Params:         0       0       0       0       0       0       0
   846 ;;      Locals:         2       0       0       0       0       0       0
   847 ;;      Temps:          0       0       0       0       0       0       0
   848 ;;      Totals:         2       0       0       0       0       0       0
   849 ;;Total ram usage:        2 bytes
   850 ;; Hardware stack levels used: 1
   851 ;; This function calls:
   852 ;;		Nothing
   853 ;; This function is called by:
   854 ;;		_main
   855 ;; This function uses a non-reentrant model
   856 ;;
   857                           
   858                           	psect	text3
   859   00066A                     __ptext3:
   860                           	callstack 0
   861   00066A                     _spi_ack:
   862                           	callstack 30
   863                           
   864                           ;incstack = 0
   865                           ;spi_ack@data stored from wreg
   866   00066A  6E0B               	movwf	spi_ack@data^0,c
   867   00066C                     
   868                           ;main.c: 30:     SSPBUF = data;
   869   00066C  C00B  FFC9         	movff	spi_ack@data,4041	;volatile
   870   000670                     l28:
   871   000670  A0C7               	btfss	199,0,c	;volatile
   872   000672  EF3D  F003         	goto	u11
   873   000676  EF3F  F003         	goto	u10
   874   00067A                     u11:
   875   00067A  EF38  F003         	goto	l28
   876   00067E                     u10:
   877   00067E                     
   878                           ;main.c: 32:     ack = SSPBUF;
   879   00067E  CFC9 F00C          	movff	4041,spi_ack@ack	;volatile
   880   000682                     
   881                           ;main.c: 33:     if (ack == 0xA1) { LATDbits.LATD0 = 1; }
   882   000682  0EA1               	movlw	161
   883   000684  180C               	xorwf	spi_ack@ack^0,w,c
   884   000686  A4D8               	btfss	status,2,c
   885   000688  EF48  F003         	goto	u21
   886   00068C  EF4A  F003         	goto	u20
   887   000690                     u21:
   888   000690  EF4B  F003         	goto	l32
   889   000694                     u20:
   890   000694  808C               	bsf	140,0,c	;volatile
   891   000696                     l32:
   892   000696  0012               	return		;funcret
   893   000698                     __end_of_spi_ack:
   894                           	callstack 0
   895                           
   896                           	psect	smallconst
   897   000600                     __psmallconst:
   898                           	callstack 0
   899   000600  00                 	db	0
   900   000601  00                 	db	0	; dummy byte at the end
   901   000600                     __smallconst    set	__psmallconst
   902   000600                     __mediumconst   set	__psmallconst
   903   000000                     __activetblptr  equ	0
   904                           
   905                           	psect	rparam
   906   000001                     ___rparam_used  equ	1
   907   000000                     ___param_bank   equ	0
   908   000000                     __Lparam        equ	__Lrparam
   909   000000                     __Hparam        equ	__Hrparam
   910                           tosu	equ	0xFFF
   911                           tosh	equ	0xFFE
   912                           tosl	equ	0xFFD
   913                           stkptr	equ	0xFFC
   914                           pclatu	equ	0xFFB
   915                           pclath	equ	0xFFA
   916                           pcl	equ	0xFF9
   917                           tblptru	equ	0xFF8
   918                           tblptrh	equ	0xFF7
   919                           tblptrl	equ	0xFF6
   920                           tablat	equ	0xFF5
   921                           prodh	equ	0xFF4
   922                           prodl	equ	0xFF3
   923                           indf0	equ	0xFEF
   924                           postinc0	equ	0xFEE
   925                           postdec0	equ	0xFED
   926                           preinc0	equ	0xFEC
   927                           plusw0	equ	0xFEB
   928                           fsr0h	equ	0xFEA
   929                           fsr0l	equ	0xFE9
   930                           wreg	equ	0xFE8
   931                           indf1	equ	0xFE7
   932                           postinc1	equ	0xFE6
   933                           postdec1	equ	0xFE5
   934                           preinc1	equ	0xFE4
   935                           plusw1	equ	0xFE3
   936                           fsr1h	equ	0xFE2
   937                           fsr1l	equ	0xFE1
   938                           bsr	equ	0xFE0
   939                           indf2	equ	0xFDF
   940                           postinc2	equ	0xFDE
   941                           postdec2	equ	0xFDD
   942                           preinc2	equ	0xFDC
   943                           plusw2	equ	0xFDB
   944                           fsr2h	equ	0xFDA
   945                           fsr2l	equ	0xFD9
   946                           status	equ	0xFD8

Data Sizes:
    Strings     0
    Constant    0
    Data        10
    BSS         0
    Persistent  0
    Stack       0

Auto Spaces:
    Space          Size  Autos    Used
    COMRAM           95      5      15
    BANK0           160      0       0
    BANK1           256      0       0
    BANK2           256      0       0
    BANK3           256      0       0
    BANK4           256      0       0
    BANK5           256      0       0

Pointer List with Targets:

    None.

Critical Paths under _main in COMRAM

    _main->_spi_ack

Critical Paths under _main in BANK0

    None.

Critical Paths under _main in BANK1

    None.

Critical Paths under _main in BANK2

    None.

Critical Paths under _main in BANK3

    None.

Critical Paths under _main in BANK4

    None.

Critical Paths under _main in BANK5

    None.

Call Graph Tables:

 ---------------------------------------------------------------------------------
 (Depth) Function   	        Calls       Base Space   Used Autos Params    Refs
 ---------------------------------------------------------------------------------
 (0) _main                                                 3     3      0      90
                                              2 COMRAM     3     3      0
                            _spi_ack
                           _spi_init
                          _spi_write
 ---------------------------------------------------------------------------------
 (1) _spi_write                                            1     1      0      15
                                              0 COMRAM     1     1      0
 ---------------------------------------------------------------------------------
 (1) _spi_init                                             0     0      0       0
 ---------------------------------------------------------------------------------
 (1) _spi_ack                                              2     2      0      30
                                              0 COMRAM     2     2      0
 ---------------------------------------------------------------------------------
 Estimated maximum stack depth 1
 ---------------------------------------------------------------------------------

 Call Graph Graphs:

 _main (ROOT)
   _spi_ack
   _spi_init
   _spi_write

Address spaces:
Name               Size   Autos  Total    Usage
BIGRAM            1535      0       0      0.0%
BITBIGSFRl         649      0       0      0.0%
BITBANK5           256      0       0      0.0%
BANK5              256      0       0      0.0%
BITBANK4           256      0       0      0.0%
BANK4              256      0       0      0.0%
BITBANK3           256      0       0      0.0%
BANK3              256      0       0      0.0%
BITBANK2           256      0       0      0.0%
BANK2              256      0       0      0.0%
BITBANK1           256      0       0      0.0%
BANK1              256      0       0      0.0%
BITBANK0           160      0       0      0.0%
BANK0              160      0       0      0.0%
BITBIGSFRh         118      0       0      0.0%
BITCOMRAM           95      0       0      0.0%
COMRAM              95      5      15     15.8%
STACK                0      0       0      0.0%
DATA                 0      0      15      0.0%


Microchip Technology PIC18 Macro Assembler V3.00 build 20241204225717 
Symbol Table                                                                                   Wed Aug 06 15:49:26 2025

            _SSPSTATbits 0FC7                       l30 067E                       l32 0696  
                     l25 06E8                       l35 06C4                       l28 0670  
                     l37 06D2                       l45 0648                       l38 06D4  
                     u10 067E                       u11 067A                       u20 0694  
                     u21 0690                       u30 06D2                       u31 06CE  
                     u40 0648                       u41 0644                       u57 062A  
                     u67 0656                      l730 06E4                      l740 0694  
                    l732 06E6                      l724 06D6                      l734 066C  
                    l726 06DE                      l742 06C0                      l750 060A  
                    l736 066C                      l728 06E2                      l760 0620  
                    l752 0610                      l744 0602                      l738 0682  
                    l762 0636                      l746 0604                      l764 0638  
                    l748 0608                      l766 064C                      l758 0612  
                    wreg 0FE8                     _main 0602                     fsr2h 0FDA  
                   indf2 0FDF                     fsr1l 0FE1                     fsr2l 0FD9  
                   start 7FFC             ___param_bank 0000                    ?_main 000B  
                  main@i 000F                    tablat 0FF5          __end_of_spi_ack 0698  
                  status 0FD8          __initialization 0698             __end_of_main 066A  
                 ??_main 000D            __activetblptr 0000                   _SSPBUF 0FC9  
                 isa$std 0001             __pdataCOMRAM 0001             __mediumconst 0600  
                 tblptrh 0FF7                   tblptrl 0FF6                   tblptru 0FF8  
       __end_of_spi_init 06EA                ??_spi_ack 000B               __accesstop 0060  
__end_of__initialization 06B8            spi_write@data 000B            ___rparam_used 0001  
         __pcstackCOMRAM 000B                  _SSPCON1 0FC6                  __Hparam 0000  
                __Lparam 0000                ?_spi_init 000B             __psmallconst 0600  
                __pcinit 0698                  __ramtop 0600                  __ptext0 0602  
                __ptext1 06BE                  __ptext2 06D6                  __ptext3 066A  
                _spi_ack 066A     end_of_initialization 06B8        __end_of_spi_write 06D6  
                postdec1 0FE5               ??_spi_init 000B                  postinc0 0FEE  
            spi_ack@data 000B                _TRISAbits 0F92                _TRISCbits 0F94  
              _TRISDbits 0F95            __pidataCOMRAM 06EA      start_initialization 0698  
            _cathode_hex 0001              __smallconst 0600                 ?_spi_ack 000B  
               _LATAbits 0F89                 _LATDbits 0F8C                 _PIR1bits 0F9E  
             spi_ack@ack 000C                _spi_write 06BE                copy_data0 06AC  
               __Hrparam 0000                 __Lrparam 0000               ?_spi_write 000B  
               isa$xinst 0000                 _spi_init 06D6              ??_spi_write 000B  
