

Microchip MPLAB XC8 Assembler V3.00 build 20241204225717 
                                                                                               Wed Aug 06 16:04:04 2025

Microchip MPLAB XC8 C Compiler v3.00 (Free license) build 20241204225717 Og1 
     1                           	processor	18F4580
     2                           	fnconf	rparam,??,?,0
     3                           	pagewidth 120
     4                           	opt	flic
     5                           	psect	cinit,global,reloc=2,class=CODE,space=0,delta=1
     6                           	psect	cstackCOMRAM,global,class=COMRAM,space=1,delta=1,lowdata,noexec
     7                           	psect	text0,global,reloc=2,class=CODE,space=0,delta=1
     8                           	psect	text1,global,reloc=2,class=CODE,space=0,delta=1
     9                           	psect	smallconst,global,reloc=2,class=SMALLCONST,space=0,delta=1,noexec
    10                           	psect	intsave_regs,global,class=BIGRAM,space=1,delta=1,noexec
    11                           	psect	rparam,global,class=COMRAM,space=1,delta=1,noexec
    12   000000                     
    13                           ; Generated 17/01/2025 GMT
    14                           ; 
    15                           ; Copyright © 2025, Microchip Technology Inc. and its subsidiaries ("Microchip")
    16                           ; All rights reserved.
    17                           ; 
    18                           ; This software is developed by Microchip Technology Inc. and its subsidiaries ("Microch
      +                          ip").
    19                           ; 
    20                           ; Redistribution and use in source and binary forms, with or without modification, are
    21                           ; permitted provided that the following conditions are met:
    22                           ; 
    23                           ;     1. Redistributions of source code must retain the above copyright notice, this lis
      +                          t of
    24                           ;        conditions and the following disclaimer.
    25                           ; 
    26                           ;     2. Redistributions in binary form must reproduce the above copyright notice, this 
      +                          list
    27                           ;        of conditions and the following disclaimer in the documentation and/or other
    28                           ;        materials provided with the distribution. Publication is not required when
    29                           ;        this file is used in an embedded application.
    30                           ; 
    31                           ;     3. Microchip's name may not be used to endorse or promote products derived from th
      +                          is
    32                           ;        software without specific prior written permission.
    33                           ; 
    34                           ; THIS SOFTWARE IS PROVIDED BY MICROCHIP "AS IS" AND ANY EXPRESS OR IMPLIED WARRANTIES,
    35                           ; INCLUDING, BUT NOT LIMITED TO, THE IMPLIED WARRANTIES OF MERCHANTABILITY AND FITNESS F
      +                          OR
    36                           ; PURPOSE ARE DISCLAIMED.  IN NO EVENT SHALL MICROCHIP BE LIABLE FOR ANY DIRECT, INDIREC
      +                          T,
    37                           ; INCIDENTAL, SPECIAL, EXEMPLARY, OR CONSEQUENTIAL DAMAGES (INCLUDING BUT NOT LIMITED TO
    38                           ; PROCUREMENT OF SUBSTITUTE GOODS OR SERVICES; LOSS OF USE, DATA OR PROFITS; OR BUSINESS
    39                           ; INTERRUPTION) HOWSOEVER CAUSED AND ON ANY THEORY OF LIABILITY, WHETHER IN CONTRACT, ST
      +                          RICT
    40                           ; LIABILITY, OR TORT (INCLUDING NEGLIGENCE OR OTHERWISE) ARISING IN ANY WAY OUT OF THE U
      +                          SE OF
    41                           ; THIS SOFTWARE, EVEN IF ADVISED OF THE POSSIBILITY OF SUCH DAMAGE.
    42                           ; 
    43                           ; 
    44                           ; Code-generator required, PIC18F4580 Definitions
    45                           ; 
    46                           ; SFR Addresses
    47   000FE0                     bsr             equ	4064
    48   000FE9                     fsr0            equ	4073
    49   000FEA                     fsr0h           equ	4074
    50   000FE9                     fsr0l           equ	4073
    51   000FE1                     fsr1            equ	4065
    52   000FE2                     fsr1h           equ	4066
    53   000FE1                     fsr1l           equ	4065
    54   000FD9                     fsr2            equ	4057
    55   000FDA                     fsr2h           equ	4058
    56   000FD9                     fsr2l           equ	4057
    57   000FEF                     indf0           equ	4079
    58   000FE7                     indf1           equ	4071
    59   000FDF                     indf2           equ	4063
    60   000FF2                     intcon          equ	4082
    61   000000                     nvmcon          equ	0
    62   000FF9                     pcl             equ	4089
    63   000FFA                     pclath          equ	4090
    64   000FFB                     pclatu          equ	4091
    65   000FEB                     plusw0          equ	4075
    66   000FE3                     plusw1          equ	4067
    67   000FDB                     plusw2          equ	4059
    68   000FED                     postdec0        equ	4077
    69   000FE5                     postdec1        equ	4069
    70   000FDD                     postdec2        equ	4061
    71   000FEE                     postinc0        equ	4078
    72   000FE6                     postinc1        equ	4070
    73   000FDE                     postinc2        equ	4062
    74   000FEC                     preinc0         equ	4076
    75   000FE4                     preinc1         equ	4068
    76   000FDC                     preinc2         equ	4060
    77   000FF3                     prod            equ	4083
    78   000FF4                     prodh           equ	4084
    79   000FF3                     prodl           equ	4083
    80   000FD8                     status          equ	4056
    81   000FF5                     tablat          equ	4085
    82   000FF6                     tblptr          equ	4086
    83   000FF7                     tblptrh         equ	4087
    84   000FF6                     tblptrl         equ	4086
    85   000FF8                     tblptru         equ	4088
    86   000FFD                     tosl            equ	4093
    87   000FE8                     wreg            equ	4072
    88   000D60                     RXF6SIDH        equ	3424	;# 
    89   000D61                     RXF6SIDL        equ	3425	;# 
    90   000D62                     RXF6EIDH        equ	3426	;# 
    91   000D63                     RXF6EIDL        equ	3427	;# 
    92   000D64                     RXF7SIDH        equ	3428	;# 
    93   000D65                     RXF7SIDL        equ	3429	;# 
    94   000D66                     RXF7EIDH        equ	3430	;# 
    95   000D67                     RXF7EIDL        equ	3431	;# 
    96   000D68                     RXF8SIDH        equ	3432	;# 
    97   000D69                     RXF8SIDL        equ	3433	;# 
    98   000D6A                     RXF8EIDH        equ	3434	;# 
    99   000D6B                     RXF8EIDL        equ	3435	;# 
   100   000D70                     RXF9SIDH        equ	3440	;# 
   101   000D71                     RXF9SIDL        equ	3441	;# 
   102   000D72                     RXF9EIDH        equ	3442	;# 
   103   000D73                     RXF9EIDL        equ	3443	;# 
   104   000D74                     RXF10SIDH       equ	3444	;# 
   105   000D75                     RXF10SIDL       equ	3445	;# 
   106   000D76                     RXF10EIDH       equ	3446	;# 
   107   000D77                     RXF10EIDL       equ	3447	;# 
   108   000D78                     RXF11SIDH       equ	3448	;# 
   109   000D79                     RXF11SIDL       equ	3449	;# 
   110   000D7A                     RXF11EIDH       equ	3450	;# 
   111   000D7B                     RXF11EIDL       equ	3451	;# 
   112   000D80                     RXF12SIDH       equ	3456	;# 
   113   000D81                     RXF12SIDL       equ	3457	;# 
   114   000D82                     RXF12EIDH       equ	3458	;# 
   115   000D83                     RXF12EIDL       equ	3459	;# 
   116   000D84                     RXF13SIDH       equ	3460	;# 
   117   000D85                     RXF13SIDL       equ	3461	;# 
   118   000D86                     RXF13EIDH       equ	3462	;# 
   119   000D87                     RXF13EIDL       equ	3463	;# 
   120   000D88                     RXF14SIDH       equ	3464	;# 
   121   000D89                     RXF14SIDL       equ	3465	;# 
   122   000D8A                     RXF14EIDH       equ	3466	;# 
   123   000D8B                     RXF14EIDL       equ	3467	;# 
   124   000D90                     RXF15SIDH       equ	3472	;# 
   125   000D91                     RXF15SIDL       equ	3473	;# 
   126   000D92                     RXF15EIDH       equ	3474	;# 
   127   000D93                     RXF15EIDL       equ	3475	;# 
   128   000DD4                     RXFCON0         equ	3540	;# 
   129   000DD5                     RXFCON1         equ	3541	;# 
   130   000DD8                     SDFLC           equ	3544	;# 
   131   000DE0                     RXFBCON0        equ	3552	;# 
   132   000DE1                     RXFBCON1        equ	3553	;# 
   133   000DE2                     RXFBCON2        equ	3554	;# 
   134   000DE3                     RXFBCON3        equ	3555	;# 
   135   000DE4                     RXFBCON4        equ	3556	;# 
   136   000DE5                     RXFBCON5        equ	3557	;# 
   137   000DE6                     RXFBCON6        equ	3558	;# 
   138   000DE7                     RXFBCON7        equ	3559	;# 
   139   000DF0                     MSEL0           equ	3568	;# 
   140   000DF1                     MSEL1           equ	3569	;# 
   141   000DF2                     MSEL2           equ	3570	;# 
   142   000DF3                     MSEL3           equ	3571	;# 
   143   000DF8                     BSEL0           equ	3576	;# 
   144   000DFA                     BIE0            equ	3578	;# 
   145   000DFC                     TXBIE           equ	3580	;# 
   146   000E20                     B0CON           equ	3616	;# 
   147   000E21                     B0SIDH          equ	3617	;# 
   148   000E22                     B0SIDL          equ	3618	;# 
   149   000E23                     B0EIDH          equ	3619	;# 
   150   000E24                     B0EIDL          equ	3620	;# 
   151   000E25                     B0DLC           equ	3621	;# 
   152   000E26                     B0D0            equ	3622	;# 
   153   000E27                     B0D1            equ	3623	;# 
   154   000E28                     B0D2            equ	3624	;# 
   155   000E29                     B0D3            equ	3625	;# 
   156   000E2A                     B0D4            equ	3626	;# 
   157   000E2B                     B0D5            equ	3627	;# 
   158   000E2C                     B0D6            equ	3628	;# 
   159   000E2D                     B0D7            equ	3629	;# 
   160   000E2E                     CANSTAT_RO9     equ	3630	;# 
   161   000E2F                     CANCON_RO9      equ	3631	;# 
   162   000E30                     B1CON           equ	3632	;# 
   163   000E31                     B1SIDH          equ	3633	;# 
   164   000E32                     B1SIDL          equ	3634	;# 
   165   000E33                     B1EIDH          equ	3635	;# 
   166   000E34                     B1EIDL          equ	3636	;# 
   167   000E35                     B1DLC           equ	3637	;# 
   168   000E36                     B1D0            equ	3638	;# 
   169   000E37                     B1D1            equ	3639	;# 
   170   000E38                     B1D2            equ	3640	;# 
   171   000E39                     B1D3            equ	3641	;# 
   172   000E3A                     B1D4            equ	3642	;# 
   173   000E3B                     B1D5            equ	3643	;# 
   174   000E3C                     B1D6            equ	3644	;# 
   175   000E3D                     B1D7            equ	3645	;# 
   176   000E3E                     CANSTAT_RO8     equ	3646	;# 
   177   000E3F                     CANCON_RO8      equ	3647	;# 
   178   000E40                     B2CON           equ	3648	;# 
   179   000E41                     B2SIDH          equ	3649	;# 
   180   000E42                     B2SIDL          equ	3650	;# 
   181   000E43                     B2EIDH          equ	3651	;# 
   182   000E44                     B2EIDL          equ	3652	;# 
   183   000E45                     B2DLC           equ	3653	;# 
   184   000E46                     B2D0            equ	3654	;# 
   185   000E47                     B2D1            equ	3655	;# 
   186   000E48                     B2D2            equ	3656	;# 
   187   000E49                     B2D3            equ	3657	;# 
   188   000E4A                     B2D4            equ	3658	;# 
   189   000E4B                     B2D5            equ	3659	;# 
   190   000E4C                     B2D6            equ	3660	;# 
   191   000E4D                     B2D7            equ	3661	;# 
   192   000E4E                     CANSTAT_RO7     equ	3662	;# 
   193   000E4F                     CANCON_RO7      equ	3663	;# 
   194   000E50                     B3CON           equ	3664	;# 
   195   000E51                     B3SIDH          equ	3665	;# 
   196   000E52                     B3SIDL          equ	3666	;# 
   197   000E53                     B3EIDH          equ	3667	;# 
   198   000E54                     B3EIDL          equ	3668	;# 
   199   000E55                     B3DLC           equ	3669	;# 
   200   000E56                     B3D0            equ	3670	;# 
   201   000E57                     B3D1            equ	3671	;# 
   202   000E58                     B3D2            equ	3672	;# 
   203   000E59                     B3D3            equ	3673	;# 
   204   000E5A                     B3D4            equ	3674	;# 
   205   000E5B                     B3D5            equ	3675	;# 
   206   000E5C                     B3D6            equ	3676	;# 
   207   000E5D                     B3D7            equ	3677	;# 
   208   000E5E                     CANSTAT_RO6     equ	3678	;# 
   209   000E5F                     CANCON_RO6      equ	3679	;# 
   210   000E60                     B4CON           equ	3680	;# 
   211   000E61                     B4SIDH          equ	3681	;# 
   212   000E62                     B4SIDL          equ	3682	;# 
   213   000E63                     B4EIDH          equ	3683	;# 
   214   000E64                     B4EIDL          equ	3684	;# 
   215   000E65                     B4DLC           equ	3685	;# 
   216   000E66                     B4D0            equ	3686	;# 
   217   000E67                     B4D1            equ	3687	;# 
   218   000E68                     B4D2            equ	3688	;# 
   219   000E69                     B4D3            equ	3689	;# 
   220   000E6A                     B4D4            equ	3690	;# 
   221   000E6B                     B4D5            equ	3691	;# 
   222   000E6C                     B4D6            equ	3692	;# 
   223   000E6D                     B4D7            equ	3693	;# 
   224   000E6E                     CANSTAT_RO5     equ	3694	;# 
   225   000E6F                     CANCON_RO5      equ	3695	;# 
   226   000E70                     B5CON           equ	3696	;# 
   227   000E71                     B5SIDH          equ	3697	;# 
   228   000E72                     B5SIDL          equ	3698	;# 
   229   000E73                     B5EIDH          equ	3699	;# 
   230   000E74                     B5EIDL          equ	3700	;# 
   231   000E75                     B5DLC           equ	3701	;# 
   232   000E76                     B5D0            equ	3702	;# 
   233   000E77                     B5D1            equ	3703	;# 
   234   000E78                     B5D2            equ	3704	;# 
   235   000E79                     B5D3            equ	3705	;# 
   236   000E7A                     B5D4            equ	3706	;# 
   237   000E7B                     B5D5            equ	3707	;# 
   238   000E7C                     B5D6            equ	3708	;# 
   239   000E7D                     B5D7            equ	3709	;# 
   240   000E7E                     CANSTAT_RO4     equ	3710	;# 
   241   000E7F                     CANCON_RO4      equ	3711	;# 
   242   000F00                     RXF0SIDH        equ	3840	;# 
   243   000F01                     RXF0SIDL        equ	3841	;# 
   244   000F02                     RXF0EIDH        equ	3842	;# 
   245   000F03                     RXF0EIDL        equ	3843	;# 
   246   000F04                     RXF1SIDH        equ	3844	;# 
   247   000F05                     RXF1SIDL        equ	3845	;# 
   248   000F06                     RXF1EIDH        equ	3846	;# 
   249   000F07                     RXF1EIDL        equ	3847	;# 
   250   000F08                     RXF2SIDH        equ	3848	;# 
   251   000F09                     RXF2SIDL        equ	3849	;# 
   252   000F0A                     RXF2EIDH        equ	3850	;# 
   253   000F0B                     RXF2EIDL        equ	3851	;# 
   254   000F0C                     RXF3SIDH        equ	3852	;# 
   255   000F0D                     RXF3SIDL        equ	3853	;# 
   256   000F0E                     RXF3EIDH        equ	3854	;# 
   257   000F0F                     RXF3EIDL        equ	3855	;# 
   258   000F10                     RXF4SIDH        equ	3856	;# 
   259   000F11                     RXF4SIDL        equ	3857	;# 
   260   000F12                     RXF4EIDH        equ	3858	;# 
   261   000F13                     RXF4EIDL        equ	3859	;# 
   262   000F14                     RXF5SIDH        equ	3860	;# 
   263   000F15                     RXF5SIDL        equ	3861	;# 
   264   000F16                     RXF5EIDH        equ	3862	;# 
   265   000F17                     RXF5EIDL        equ	3863	;# 
   266   000F18                     RXM0SIDH        equ	3864	;# 
   267   000F19                     RXM0SIDL        equ	3865	;# 
   268   000F1A                     RXM0EIDH        equ	3866	;# 
   269   000F1B                     RXM0EIDL        equ	3867	;# 
   270   000F1C                     RXM1SIDH        equ	3868	;# 
   271   000F1D                     RXM1SIDL        equ	3869	;# 
   272   000F1E                     RXM1EIDH        equ	3870	;# 
   273   000F1F                     RXM1EIDL        equ	3871	;# 
   274   000F20                     TXB2CON         equ	3872	;# 
   275   000F21                     TXB2SIDH        equ	3873	;# 
   276   000F22                     TXB2SIDL        equ	3874	;# 
   277   000F23                     TXB2EIDH        equ	3875	;# 
   278   000F24                     TXB2EIDL        equ	3876	;# 
   279   000F25                     TXB2DLC         equ	3877	;# 
   280   000F26                     TXB2D0          equ	3878	;# 
   281   000F27                     TXB2D1          equ	3879	;# 
   282   000F28                     TXB2D2          equ	3880	;# 
   283   000F29                     TXB2D3          equ	3881	;# 
   284   000F2A                     TXB2D4          equ	3882	;# 
   285   000F2B                     TXB2D5          equ	3883	;# 
   286   000F2C                     TXB2D6          equ	3884	;# 
   287   000F2D                     TXB2D7          equ	3885	;# 
   288   000F2E                     CANSTAT_RO3     equ	3886	;# 
   289   000F2F                     CANCON_RO3      equ	3887	;# 
   290   000F30                     TXB1CON         equ	3888	;# 
   291   000F31                     TXB1SIDH        equ	3889	;# 
   292   000F32                     TXB1SIDL        equ	3890	;# 
   293   000F33                     TXB1EIDH        equ	3891	;# 
   294   000F34                     TXB1EIDL        equ	3892	;# 
   295   000F35                     TXB1DLC         equ	3893	;# 
   296   000F36                     TXB1D0          equ	3894	;# 
   297   000F37                     TXB1D1          equ	3895	;# 
   298   000F38                     TXB1D2          equ	3896	;# 
   299   000F39                     TXB1D3          equ	3897	;# 
   300   000F3A                     TXB1D4          equ	3898	;# 
   301   000F3B                     TXB1D5          equ	3899	;# 
   302   000F3C                     TXB1D6          equ	3900	;# 
   303   000F3D                     TXB1D7          equ	3901	;# 
   304   000F3E                     CANSTAT_RO2     equ	3902	;# 
   305   000F3F                     CANCON_RO2      equ	3903	;# 
   306   000F40                     TXB0CON         equ	3904	;# 
   307   000F41                     TXB0SIDH        equ	3905	;# 
   308   000F42                     TXB0SIDL        equ	3906	;# 
   309   000F43                     TXB0EIDH        equ	3907	;# 
   310   000F44                     TXB0EIDL        equ	3908	;# 
   311   000F45                     TXB0DLC         equ	3909	;# 
   312   000F46                     TXB0D0          equ	3910	;# 
   313   000F47                     TXB0D1          equ	3911	;# 
   314   000F48                     TXB0D2          equ	3912	;# 
   315   000F49                     TXB0D3          equ	3913	;# 
   316   000F4A                     TXB0D4          equ	3914	;# 
   317   000F4B                     TXB0D5          equ	3915	;# 
   318   000F4C                     TXB0D6          equ	3916	;# 
   319   000F4D                     TXB0D7          equ	3917	;# 
   320   000F4E                     CANSTAT_RO1     equ	3918	;# 
   321   000F4F                     CANCON_RO1      equ	3919	;# 
   322   000F50                     RXB1CON         equ	3920	;# 
   323   000F51                     RXB1SIDH        equ	3921	;# 
   324   000F52                     RXB1SIDL        equ	3922	;# 
   325   000F53                     RXB1EIDH        equ	3923	;# 
   326   000F54                     RXB1EIDL        equ	3924	;# 
   327   000F55                     RXB1DLC         equ	3925	;# 
   328   000F56                     RXB1D0          equ	3926	;# 
   329   000F57                     RXB1D1          equ	3927	;# 
   330   000F58                     RXB1D2          equ	3928	;# 
   331   000F59                     RXB1D3          equ	3929	;# 
   332   000F5A                     RXB1D4          equ	3930	;# 
   333   000F5B                     RXB1D5          equ	3931	;# 
   334   000F5C                     RXB1D6          equ	3932	;# 
   335   000F5D                     RXB1D7          equ	3933	;# 
   336   000F5E                     CANSTAT_RO0     equ	3934	;# 
   337   000F5F                     CANCON_RO0      equ	3935	;# 
   338   000F60                     RXB0CON         equ	3936	;# 
   339   000F61                     RXB0SIDH        equ	3937	;# 
   340   000F62                     RXB0SIDL        equ	3938	;# 
   341   000F63                     RXB0EIDH        equ	3939	;# 
   342   000F64                     RXB0EIDL        equ	3940	;# 
   343   000F65                     RXB0DLC         equ	3941	;# 
   344   000F66                     RXB0D0          equ	3942	;# 
   345   000F67                     RXB0D1          equ	3943	;# 
   346   000F68                     RXB0D2          equ	3944	;# 
   347   000F69                     RXB0D3          equ	3945	;# 
   348   000F6A                     RXB0D4          equ	3946	;# 
   349   000F6B                     RXB0D5          equ	3947	;# 
   350   000F6C                     RXB0D6          equ	3948	;# 
   351   000F6D                     RXB0D7          equ	3949	;# 
   352   000F6E                     CANSTAT         equ	3950	;# 
   353   000F6F                     CANCON          equ	3951	;# 
   354   000F70                     BRGCON1         equ	3952	;# 
   355   000F71                     BRGCON2         equ	3953	;# 
   356   000F72                     BRGCON3         equ	3954	;# 
   357   000F73                     CIOCON          equ	3955	;# 
   358   000F74                     COMSTAT         equ	3956	;# 
   359   000F75                     RXERRCNT        equ	3957	;# 
   360   000F76                     TXERRCNT        equ	3958	;# 
   361   000F77                     ECANCON         equ	3959	;# 
   362   000F80                     PORTA           equ	3968	;# 
   363   000F81                     PORTB           equ	3969	;# 
   364   000F82                     PORTC           equ	3970	;# 
   365   000F83                     PORTD           equ	3971	;# 
   366   000F84                     PORTE           equ	3972	;# 
   367   000F89                     LATA            equ	3977	;# 
   368   000F8A                     LATB            equ	3978	;# 
   369   000F8B                     LATC            equ	3979	;# 
   370   000F8C                     LATD            equ	3980	;# 
   371   000F8D                     LATE            equ	3981	;# 
   372   000F92                     TRISA           equ	3986	;# 
   373   000F92                     DDRA            equ	3986	;# 
   374   000F93                     TRISB           equ	3987	;# 
   375   000F93                     DDRB            equ	3987	;# 
   376   000F94                     TRISC           equ	3988	;# 
   377   000F94                     DDRC            equ	3988	;# 
   378   000F95                     TRISD           equ	3989	;# 
   379   000F95                     DDRD            equ	3989	;# 
   380   000F96                     TRISE           equ	3990	;# 
   381   000F96                     DDRE            equ	3990	;# 
   382   000F9B                     OSCTUNE         equ	3995	;# 
   383   000F9D                     PIE1            equ	3997	;# 
   384   000F9E                     PIR1            equ	3998	;# 
   385   000F9F                     IPR1            equ	3999	;# 
   386   000FA0                     PIE2            equ	4000	;# 
   387   000FA1                     PIR2            equ	4001	;# 
   388   000FA2                     IPR2            equ	4002	;# 
   389   000FA3                     PIE3            equ	4003	;# 
   390   000FA4                     PIR3            equ	4004	;# 
   391   000FA5                     IPR3            equ	4005	;# 
   392   000FA6                     EECON1          equ	4006	;# 
   393   000FA7                     EECON2          equ	4007	;# 
   394   000FA8                     EEDATA          equ	4008	;# 
   395   000FA9                     EEADR           equ	4009	;# 
   396   000FAB                     RCSTA           equ	4011	;# 
   397   000FAB                     RCSTA1          equ	4011	;# 
   398   000FAC                     TXSTA           equ	4012	;# 
   399   000FAC                     TXSTA1          equ	4012	;# 
   400   000FAD                     TXREG           equ	4013	;# 
   401   000FAD                     TXREG1          equ	4013	;# 
   402   000FAE                     RCREG           equ	4014	;# 
   403   000FAE                     RCREG1          equ	4014	;# 
   404   000FAF                     SPBRG           equ	4015	;# 
   405   000FAF                     SPBRG1          equ	4015	;# 
   406   000FB0                     SPBRGH          equ	4016	;# 
   407   000FB1                     T3CON           equ	4017	;# 
   408   000FB2                     TMR3            equ	4018	;# 
   409   000FB2                     TMR3L           equ	4018	;# 
   410   000FB3                     TMR3H           equ	4019	;# 
   411   000FB4                     CMCON           equ	4020	;# 
   412   000FB5                     CVRCON          equ	4021	;# 
   413   000FB6                     ECCP1AS         equ	4022	;# 
   414   000FB7                     ECCP1DEL        equ	4023	;# 
   415   000FB8                     BAUDCON         equ	4024	;# 
   416   000FB8                     BAUDCTL         equ	4024	;# 
   417   000FBA                     ECCP1CON        equ	4026	;# 
   418   000FBB                     ECCPR1          equ	4027	;# 
   419   000FBB                     ECCPR1L         equ	4027	;# 
   420   000FBC                     ECCPR1H         equ	4028	;# 
   421   000FBD                     CCP1CON         equ	4029	;# 
   422   000FBE                     CCPR1           equ	4030	;# 
   423   000FBE                     CCPR1L          equ	4030	;# 
   424   000FBF                     CCPR1H          equ	4031	;# 
   425   000FC0                     ADCON2          equ	4032	;# 
   426   000FC1                     ADCON1          equ	4033	;# 
   427   000FC2                     ADCON0          equ	4034	;# 
   428   000FC3                     ADRES           equ	4035	;# 
   429   000FC3                     ADRESL          equ	4035	;# 
   430   000FC4                     ADRESH          equ	4036	;# 
   431   000FC5                     SSPCON2         equ	4037	;# 
   432   000FC6                     SSPCON1         equ	4038	;# 
   433   000FC7                     SSPSTAT         equ	4039	;# 
   434   000FC8                     SSPADD          equ	4040	;# 
   435   000FC9                     SSPBUF          equ	4041	;# 
   436   000FCA                     T2CON           equ	4042	;# 
   437   000FCB                     PR2             equ	4043	;# 
   438   000FCB                     MEMCON          equ	4043	;# 
   439   000FCC                     TMR2            equ	4044	;# 
   440   000FCD                     T1CON           equ	4045	;# 
   441   000FCE                     TMR1            equ	4046	;# 
   442   000FCE                     TMR1L           equ	4046	;# 
   443   000FCF                     TMR1H           equ	4047	;# 
   444   000FD0                     RCON            equ	4048	;# 
   445   000FD1                     WDTCON          equ	4049	;# 
   446   000FD2                     HLVDCON         equ	4050	;# 
   447   000FD2                     LVDCON          equ	4050	;# 
   448   000FD3                     OSCCON          equ	4051	;# 
   449   000FD5                     T0CON           equ	4053	;# 
   450   000FD6                     TMR0            equ	4054	;# 
   451   000FD6                     TMR0L           equ	4054	;# 
   452   000FD7                     TMR0H           equ	4055	;# 
   453   000FD8                     STATUS          equ	4056	;# 
   454   000FD9                     FSR2            equ	4057	;# 
   455   000FD9                     FSR2L           equ	4057	;# 
   456   000FDA                     FSR2H           equ	4058	;# 
   457   000FDB                     PLUSW2          equ	4059	;# 
   458   000FDC                     PREINC2         equ	4060	;# 
   459   000FDD                     POSTDEC2        equ	4061	;# 
   460   000FDE                     POSTINC2        equ	4062	;# 
   461   000FDF                     INDF2           equ	4063	;# 
   462   000FE0                     BSR             equ	4064	;# 
   463   000FE1                     FSR1            equ	4065	;# 
   464   000FE1                     FSR1L           equ	4065	;# 
   465   000FE2                     FSR1H           equ	4066	;# 
   466   000FE3                     PLUSW1          equ	4067	;# 
   467   000FE4                     PREINC1         equ	4068	;# 
   468   000FE5                     POSTDEC1        equ	4069	;# 
   469   000FE6                     POSTINC1        equ	4070	;# 
   470   000FE7                     INDF1           equ	4071	;# 
   471   000FE8                     WREG            equ	4072	;# 
   472   000FE9                     FSR0            equ	4073	;# 
   473   000FE9                     FSR0L           equ	4073	;# 
   474   000FEA                     FSR0H           equ	4074	;# 
   475   000FEB                     PLUSW0          equ	4075	;# 
   476   000FEC                     PREINC0         equ	4076	;# 
   477   000FED                     POSTDEC0        equ	4077	;# 
   478   000FEE                     POSTINC0        equ	4078	;# 
   479   000FEF                     INDF0           equ	4079	;# 
   480   000FF0                     INTCON3         equ	4080	;# 
   481   000FF1                     INTCON2         equ	4081	;# 
   482   000FF2                     INTCON          equ	4082	;# 
   483   000FF3                     PROD            equ	4083	;# 
   484   000FF3                     PRODL           equ	4083	;# 
   485   000FF4                     PRODH           equ	4084	;# 
   486   000FF5                     TABLAT          equ	4085	;# 
   487   000FF6                     TBLPTR          equ	4086	;# 
   488   000FF6                     TBLPTRL         equ	4086	;# 
   489   000FF7                     TBLPTRH         equ	4087	;# 
   490   000FF8                     TBLPTRU         equ	4088	;# 
   491   000FF9                     PCLAT           equ	4089	;# 
   492   000FF9                     PC              equ	4089	;# 
   493   000FF9                     PCL             equ	4089	;# 
   494   000FFA                     PCLATH          equ	4090	;# 
   495   000FFB                     PCLATU          equ	4091	;# 
   496   000FFC                     STKPTR          equ	4092	;# 
   497   000FFD                     TOS             equ	4093	;# 
   498   000FFD                     TOSL            equ	4093	;# 
   499   000FFE                     TOSH            equ	4094	;# 
   500   000FFF                     TOSU            equ	4095	;# 
   501   000F8C                     _LATD           set	3980
   502   000F95                     _TRISD          set	3989
   503   000FC9                     _SSPBUF         set	4041
   504   000FC7                     _SSPSTATbits    set	4039
   505   000FC6                     _SSPCON1        set	4038
   506   000F92                     _TRISAbits      set	3986
   507   000F94                     _TRISCbits      set	3988
   508                           
   509                           ; #config settings
   510                           
   511                           	psect	cinit
   512   000650                     __pcinit:
   513                           	callstack 0
   514   000650                     start_initialization:
   515                           	callstack 0
   516   000650                     __initialization:
   517                           	callstack 0
   518   000650                     end_of_initialization:
   519                           	callstack 0
   520   000650                     __end_of__initialization:
   521                           	callstack 0
   522   000650  0100               	movlb	0
   523   000652  EF01  F003         	goto	_main	;jump to C main() function
   524                           
   525                           	psect	cstackCOMRAM
   526   000001                     __pcstackCOMRAM:
   527                           	callstack 0
   528   000001                     main@SPI_RCV:
   529                           	callstack 0
   530   000001                     
   531                           ; 1 bytes @ 0x0
   532   000001                     	ds	1
   533                           
   534 ;;
   535 ;;Main: autosize = 0, tempsize = 0, incstack = 0, save=0
   536 ;;
   537 ;; *************** function _main *****************
   538 ;; Defined at:
   539 ;;		line 27 in file "main.c"
   540 ;; Parameters:    Size  Location     Type
   541 ;;		None
   542 ;; Auto vars:     Size  Location     Type
   543 ;;  SPI_RCV         1    0[COMRAM] unsigned char 
   544 ;; Return value:  Size  Location     Type
   545 ;;                  1    wreg      void 
   546 ;; Registers used:
   547 ;;		wreg, status,2, status,0, cstack
   548 ;; Tracked objects:
   549 ;;		On entry : 0/0
   550 ;;		On exit  : 0/0
   551 ;;		Unchanged: 0/0
   552 ;; Data sizes:     COMRAM   BANK0   BANK1   BANK2   BANK3   BANK4   BANK5
   553 ;;      Params:         0       0       0       0       0       0       0
   554 ;;      Locals:         1       0       0       0       0       0       0
   555 ;;      Temps:          0       0       0       0       0       0       0
   556 ;;      Totals:         1       0       0       0       0       0       0
   557 ;;Total ram usage:        1 bytes
   558 ;; Hardware stack levels required when called: 1
   559 ;; This function calls:
   560 ;;		_spi_init
   561 ;; This function is called by:
   562 ;;		Startup code after reset
   563 ;; This function uses a non-reentrant model
   564 ;;
   565                           
   566                           	psect	text0
   567   000602                     __ptext0:
   568                           	callstack 0
   569   000602                     _main:
   570                           	callstack 30
   571   000602                     
   572                           ;main.c: 29:     TRISD = 0x00;
   573   000602  6A95               	clrf	149,c	;volatile
   574                           
   575                           ;main.c: 30:     LATD = 0x00;
   576   000604  6A8C               	clrf	140,c	;volatile
   577   000606                     
   578                           ;main.c: 32:     spi_init();
   579   000606  EC1D  F003         	call	_spi_init	;wreg free
   580   00060A                     l23:
   581   00060A  A0C7               	btfss	199,0,c	;volatile
   582   00060C  EF0A  F003         	goto	u11
   583   000610  EF0C  F003         	goto	u10
   584   000614                     u11:
   585   000614  EF05  F003         	goto	l23
   586   000618                     u10:
   587   000618                     
   588                           ;main.c: 35:         SPI_RCV = SSPBUF;
   589   000618  CFC9 F001          	movff	4041,main@SPI_RCV	;volatile
   590   00061C                     
   591                           ;main.c: 37:         if(SPI_RCV != 0xAA) { LATD = SPI_RCV; }
   592   00061C  0EAA               	movlw	170
   593   00061E  1801               	xorwf	main@SPI_RCV^0,w,c
   594   000620  B4D8               	btfsc	status,2,c
   595   000622  EF15  F003         	goto	u21
   596   000626  EF17  F003         	goto	u20
   597   00062A                     u21:
   598   00062A  EF05  F003         	goto	l23
   599   00062E                     u20:
   600   00062E  C001  FF8C         	movff	main@SPI_RCV,3980	;volatile
   601   000632  EF05  F003         	goto	l23
   602   000636  EFFE  F03F         	goto	start
   603   00063A                     __end_of_main:
   604                           	callstack 0
   605                           
   606 ;; *************** function _spi_init *****************
   607 ;; Defined at:
   608 ;;		line 14 in file "main.c"
   609 ;; Parameters:    Size  Location     Type
   610 ;;		None
   611 ;; Auto vars:     Size  Location     Type
   612 ;;		None
   613 ;; Return value:  Size  Location     Type
   614 ;;                  1    wreg      void 
   615 ;; Registers used:
   616 ;;		wreg, status,2
   617 ;; Tracked objects:
   618 ;;		On entry : 0/0
   619 ;;		On exit  : 0/0
   620 ;;		Unchanged: 0/0
   621 ;; Data sizes:     COMRAM   BANK0   BANK1   BANK2   BANK3   BANK4   BANK5
   622 ;;      Params:         0       0       0       0       0       0       0
   623 ;;      Locals:         0       0       0       0       0       0       0
   624 ;;      Temps:          0       0       0       0       0       0       0
   625 ;;      Totals:         0       0       0       0       0       0       0
   626 ;;Total ram usage:        0 bytes
   627 ;; Hardware stack levels used: 1
   628 ;; This function calls:
   629 ;;		Nothing
   630 ;; This function is called by:
   631 ;;		_main
   632 ;; This function uses a non-reentrant model
   633 ;;
   634                           
   635                           	psect	text1
   636   00063A                     __ptext1:
   637                           	callstack 0
   638   00063A                     _spi_init:
   639                           	callstack 30
   640   00063A                     
   641                           ;main.c: 15:     TRISCbits.RC3 = 1;
   642   00063A  8694               	bsf	148,3,c	;volatile
   643                           
   644                           ;main.c: 16:     TRISCbits.RC4 = 1;
   645   00063C  8894               	bsf	148,4,c	;volatile
   646                           
   647                           ;main.c: 17:     TRISCbits.RC5 = 0;
   648   00063E  9A94               	bcf	148,5,c	;volatile
   649                           
   650                           ;main.c: 18:     TRISAbits.RA5 = 1;
   651   000640  8A92               	bsf	146,5,c	;volatile
   652   000642                     
   653                           ;main.c: 20:     SSPCON1 = 0x24;
   654   000642  0E24               	movlw	36
   655   000644  6EC6               	movwf	198,c	;volatile
   656   000646                     
   657                           ;main.c: 22:     SSPSTATbits.SMP = 0;
   658   000646  9EC7               	bcf	199,7,c	;volatile
   659   000648                     
   660                           ;main.c: 23:     SSPSTATbits.CKE = 1;
   661   000648  8CC7               	bsf	199,6,c	;volatile
   662                           
   663                           ;main.c: 24:     SSPBUF = 0xA1;
   664   00064A  0EA1               	movlw	161
   665   00064C  6EC9               	movwf	201,c	;volatile
   666   00064E  0012               	return		;funcret
   667   000650                     __end_of_spi_init:
   668                           	callstack 0
   669                           
   670                           	psect	smallconst
   671   000600                     __psmallconst:
   672                           	callstack 0
   673   000600  00                 	db	0
   674   000601  00                 	db	0	; dummy byte at the end
   675   000600                     __smallconst    set	__psmallconst
   676   000600                     __mediumconst   set	__psmallconst
   677   000000                     __activetblptr  equ	0
   678                           
   679                           	psect	rparam
   680   000001                     ___rparam_used  equ	1
   681   000000                     ___param_bank   equ	0
   682   000000                     __Lparam        equ	__Lrparam
   683   000000                     __Hparam        equ	__Hrparam
   684                           tosu	equ	0xFFF
   685                           tosh	equ	0xFFE
   686                           tosl	equ	0xFFD
   687                           stkptr	equ	0xFFC
   688                           pclatu	equ	0xFFB
   689                           pclath	equ	0xFFA
   690                           pcl	equ	0xFF9
   691                           tblptru	equ	0xFF8
   692                           tblptrh	equ	0xFF7
   693                           tblptrl	equ	0xFF6
   694                           tablat	equ	0xFF5
   695                           prodh	equ	0xFF4
   696                           prodl	equ	0xFF3
   697                           indf0	equ	0xFEF
   698                           postinc0	equ	0xFEE
   699                           postdec0	equ	0xFED
   700                           preinc0	equ	0xFEC
   701                           plusw0	equ	0xFEB
   702                           fsr0h	equ	0xFEA
   703                           fsr0l	equ	0xFE9
   704                           wreg	equ	0xFE8
   705                           indf1	equ	0xFE7
   706                           postinc1	equ	0xFE6
   707                           postdec1	equ	0xFE5
   708                           preinc1	equ	0xFE4
   709                           plusw1	equ	0xFE3
   710                           fsr1h	equ	0xFE2
   711                           fsr1l	equ	0xFE1
   712                           bsr	equ	0xFE0
   713                           indf2	equ	0xFDF
   714                           postinc2	equ	0xFDE
   715                           postdec2	equ	0xFDD
   716                           preinc2	equ	0xFDC
   717                           plusw2	equ	0xFDB
   718                           fsr2h	equ	0xFDA
   719                           fsr2l	equ	0xFD9
   720                           status	equ	0xFD8

Data Sizes:
    Strings     0
    Constant    0
    Data        0
    BSS         0
    Persistent  0
    Stack       0

Auto Spaces:
    Space          Size  Autos    Used
    COMRAM           95      1       1
    BANK0           160      0       0
    BANK1           256      0       0
    BANK2           256      0       0
    BANK3           256      0       0
    BANK4           256      0       0
    BANK5           256      0       0

Pointer List with Targets:

    None.

Critical Paths under _main in COMRAM

    None.

Critical Paths under _main in BANK0

    None.

Critical Paths under _main in BANK1

    None.

Critical Paths under _main in BANK2

    None.

Critical Paths under _main in BANK3

    None.

Critical Paths under _main in BANK4

    None.

Critical Paths under _main in BANK5

    None.

Call Graph Tables:

 ---------------------------------------------------------------------------------
 (Depth) Function   	        Calls       Base Space   Used Autos Params    Refs
 ---------------------------------------------------------------------------------
 (0) _main                                                 1     1      0      30
                                              0 COMRAM     1     1      0
                           _spi_init
 ---------------------------------------------------------------------------------
 (1) _spi_init                                             0     0      0       0
 ---------------------------------------------------------------------------------
 Estimated maximum stack depth 1
 ---------------------------------------------------------------------------------

 Call Graph Graphs:

 _main (ROOT)
   _spi_init

Address spaces:
Name               Size   Autos  Total    Usage
BITCOMRAM           95      0       0      0.0%
BITBANK0           160      0       0      0.0%
BITBANK1           256      0       0      0.0%
BITBANK2           256      0       0      0.0%
BITBANK3           256      0       0      0.0%
BITBANK4           256      0       0      0.0%
BITBANK5           256      0       0      0.0%
BITBIGSFRll        652      0       0      0.0%
BITBIGSFRh         107      0       0      0.0%
BITBIGSFRlh          7      0       0      0.0%
COMRAM              95      1       1      1.1%
BANK0              160      0       0      0.0%
BANK1              256      0       0      0.0%
BANK2              256      0       0      0.0%
BANK3              256      0       0      0.0%
BANK4              256      0       0      0.0%
BANK5              256      0       0      0.0%
BIGRAM            1535      0       0      0.0%
STACK                0      0       0      0.0%
DATA                 0      0       1      0.0%


Microchip Technology PIC18 Macro Assembler V3.00 build 20241204225717 
Symbol Table                                                                                   Wed Aug 06 16:04:04 2025

            _SSPSTATbits 0FC7                       l23 060A                       l17 064E  
                     l25 0618                       u10 0618                       u11 0614  
                     u20 062E                       u21 062A                      l711 0648  
                    l705 063A                      l713 0602                      l707 0642  
                    l715 0606                      l709 0646                      l717 061C  
                    l719 062E                     _LATD 0F8C                     _main 0602  
                   start 7FFC             ___param_bank 0000                    ?_main 0001  
                  _TRISD 0F95                    status 0FD8          __initialization 0650  
           __end_of_main 063A                   ??_main 0001            __activetblptr 0000  
                 _SSPBUF 0FC9                   isa$std 0001             __mediumconst 0600  
       __end_of_spi_init 0650               __accesstop 0060  __end_of__initialization 0650  
          ___rparam_used 0001           __pcstackCOMRAM 0001                  _SSPCON1 0FC6  
                __Hparam 0000                  __Lparam 0000                ?_spi_init 0001  
           __psmallconst 0600                  __pcinit 0650                  __ramtop 0600  
                __ptext0 0602                  __ptext1 063A     end_of_initialization 0650  
             ??_spi_init 0001                _TRISAbits 0F92                _TRISCbits 0F94  
    start_initialization 0650              __smallconst 0600                 __Hrparam 0000  
               __Lrparam 0000                 isa$xinst 0000                 _spi_init 063A  
            main@SPI_RCV 0001  
